Using pre-set license
Built from '2020.3/release' branch; Version is '2020.3.27f1 (e759542391ea) revision 15161684'; Using compiler version '192528614'; Build Type 'Release'
OS: 'Windows 11  (10.0.22000) 64bit Core' Language: 'fi' Physical Memory: 32608 MB
BatchMode: 1, IsHumanControllingUs: 0, StartBugReporterOnCrash: 0, Is64bit: 1, IsPro: 0

COMMAND LINE ARGUMENTS:
E:\Unity Editors Folder\2020.3.27f1\Editor\Unity.exe
-adb2
-batchMode
-noUpm
-name
AssetImportWorker0
-projectPath
E:/GitRepos_v2/CRAZYCRASH-RALLY-DRIVE/CRAZYCRASH-RALLY-DRIVE
-logFile
Logs/AssetImportWorker0.log
-srvPort
63052
Successfully changed project path to: E:/GitRepos_v2/CRAZYCRASH-RALLY-DRIVE/CRAZYCRASH-RALLY-DRIVE
E:/GitRepos_v2/CRAZYCRASH-RALLY-DRIVE/CRAZYCRASH-RALLY-DRIVE
Using Asset Import Pipeline V2.
Refreshing native plugins compatible for Editor in 31.07 ms, found 2 plugins.
Preloading 0 native plugins for Editor in 0.00 ms.
Initialize engine version: 2020.3.27f1 (e759542391ea)
[Subsystems] Discovering subsystems at path E:/Unity Editors Folder/2020.3.27f1/Editor/Data/Resources/UnitySubsystems
[Subsystems] Discovering subsystems at path E:/GitRepos_v2/CRAZYCRASH-RALLY-DRIVE/CRAZYCRASH-RALLY-DRIVE/Assets
GfxDevice: creating device client; threaded=0
Direct3D:
    Version:  Direct3D 11.0 [level 11.1]
    Renderer: NVIDIA GeForce RTX 2060 (ID=0x1f08)
    Vendor:   
    VRAM:     5980 MB
    Driver:   30.0.15.1179
Initialize mono
Mono path[0] = 'E:/Unity Editors Folder/2020.3.27f1/Editor/Data/Managed'
Mono path[1] = 'E:/Unity Editors Folder/2020.3.27f1/Editor/Data/MonoBleedingEdge/lib/mono/unityjit'
Mono config path = 'E:/Unity Editors Folder/2020.3.27f1/Editor/Data/MonoBleedingEdge/etc'
Using monoOptions --debugger-agent=transport=dt_socket,embedding=1,server=y,suspend=n,address=127.0.0.1:56300
Begin MonoManager ReloadAssembly
Registering precompiled unity dll's ...
Register platform support module: E:/Unity Editors Folder/2020.3.27f1/Editor/Data/PlaybackEngines/WindowsStandaloneSupport/UnityEditor.WindowsStandalone.Extensions.dll
Registered in 0.000480 seconds.
Native extension for WindowsStandalone target not found
Refreshing native plugins compatible for Editor in 29.61 ms, found 2 plugins.
Preloading 0 native plugins for Editor in 0.00 ms.
Mono: successfully reloaded assembly
- Completed reload, in  0.408 seconds
Domain Reload Profiling:
	ReloadAssembly (409ms)
		BeginReloadAssembly (42ms)
			ExecutionOrderSort (0ms)
			DisableScriptedObjects (0ms)
			BackupInstance (0ms)
			ReleaseScriptingObjects (0ms)
			CreateAndSetChildDomain (1ms)
		EndReloadAssembly (319ms)
			LoadAssemblies (41ms)
			RebuildTransferFunctionScriptingTraits (0ms)
			SetupTypeCache (104ms)
			ReleaseScriptCaches (0ms)
			RebuildScriptCaches (20ms)
			SetupLoadedEditorAssemblies (126ms)
				LogAssemblyErrors (0ms)
				InitializePlatformSupportModulesInManaged (3ms)
				SetLoadedEditorAssemblies (0ms)
				RefreshPlugins (30ms)
				BeforeProcessingInitializeOnLoad (12ms)
				ProcessInitializeOnLoadAttributes (56ms)
				ProcessInitializeOnLoadMethodAttributes (24ms)
				AfterProcessingInitializeOnLoad (0ms)
				EditorAssembliesLoaded (0ms)
			ExecutionOrderSort2 (0ms)
			AwakeInstancesAfterBackupRestoration (0ms)
Platform modules already initialized, skipping
Registering precompiled user dll's ...
Registered in 0.001189 seconds.
Begin MonoManager ReloadAssembly
Native extension for WindowsStandalone target not found
Refreshing native plugins compatible for Editor in 32.87 ms, found 2 plugins.
Preloading 0 native plugins for Editor in 0.00 ms.
Mono: successfully reloaded assembly
- Completed reload, in  0.840 seconds
Domain Reload Profiling:
	ReloadAssembly (840ms)
		BeginReloadAssembly (96ms)
			ExecutionOrderSort (0ms)
			DisableScriptedObjects (3ms)
			BackupInstance (0ms)
			ReleaseScriptingObjects (0ms)
			CreateAndSetChildDomain (15ms)
		EndReloadAssembly (704ms)
			LoadAssemblies (58ms)
			RebuildTransferFunctionScriptingTraits (0ms)
			SetupTypeCache (209ms)
			ReleaseScriptCaches (0ms)
			RebuildScriptCaches (35ms)
			SetupLoadedEditorAssemblies (311ms)
				LogAssemblyErrors (0ms)
				InitializePlatformSupportModulesInManaged (2ms)
				SetLoadedEditorAssemblies (0ms)
				RefreshPlugins (33ms)
				BeforeProcessingInitializeOnLoad (68ms)
				ProcessInitializeOnLoadAttributes (201ms)
				ProcessInitializeOnLoadMethodAttributes (6ms)
				AfterProcessingInitializeOnLoad (1ms)
				EditorAssembliesLoaded (0ms)
			ExecutionOrderSort2 (0ms)
			AwakeInstancesAfterBackupRestoration (5ms)
Platform modules already initialized, skipping
========================================================================
Worker process is ready to serve import requests
Launched and connected shader compiler UnityShaderCompiler.exe after 0.03 seconds
Refreshing native plugins compatible for Editor in 0.31 ms, found 2 plugins.
Preloading 0 native plugins for Editor in 0.00 ms.
Unloading 2221 Unused Serialized files (Serialized files now loaded: 0)
System memory in use before: 99.8 MB.
System memory in use after: 99.9 MB.

Unloading 20 unused Assets to reduce memory usage. Loaded Objects now: 2663.
Total: 2.147400 ms (FindLiveObjects: 0.111400 ms CreateObjectMapping: 0.047300 ms MarkObjects: 1.906200 ms  DeleteObjects: 0.081500 ms)

AssetImportParameters requested are different than current active one (requested -> active):
  custom:framework-win-MediaFoundation: 216162199b28c13a410421893ffa2e32 -> 
  custom:video-decoder-ogg-theora: a1e56fd34408186e4bbccfd4996cb3dc -> 
  custom:container-muxer-webm: aa71ff27fc2769a1b78a27578f13a17b -> 
  custom:container-demuxer-webm: 4f35f7cbe854078d1ac9338744f61a02 -> 
  custom:container-demuxer-ogg: 62fdf1f143b41e24485cea50d1cbac27 -> 
  custom:video-encoder-webm-vp8: eb34c28f22e8b96e1ab97ce403110664 -> 
  custom:video-decoder-webm-vp8: 9c59270c3fd7afecdb556c50c9e8de78 -> 
  custom:audio-decoder-ogg-vorbis: bf7c407c2cedff20999df2af8eb42d56 -> 
  custom:audio-encoder-webm-vorbis: bf7c407c2cedff20999df2af8eb42d56 -> 
========================================================================
Received Import Request.
  path: Assets/Scripts/PlayerColor.cs
  artifactKey: Guid(ccd94d4bbb816a24bb2146cc7caaed0b) Importer(815301076,1909f56bfc062723c751e8b465ee728b)
Start importing Assets/Scripts/PlayerColor.cs using Guid(ccd94d4bbb816a24bb2146cc7caaed0b) Importer(815301076,1909f56bfc062723c751e8b465ee728b)  -> (artifact id: 'a722952ce5768af282a8f10e55ec3826') in 0.042620 seconds 
  Import took 0.045020 seconds .

========================================================================
Received Import Request.
  Time since last request: 643.585930 seconds.
  path: Assets/Materials/Prototype.ttf
  artifactKey: Guid(e5ec6606815d1ab4f8fcc585169a26cd) Importer(815301076,1909f56bfc062723c751e8b465ee728b)
Start importing Assets/Materials/Prototype.ttf using Guid(e5ec6606815d1ab4f8fcc585169a26cd) Importer(815301076,1909f56bfc062723c751e8b465ee728b)  -> (artifact id: '4ace6c44f7b4f620d1d27e7cc668eafa') in 0.091115 seconds 
  Import took 0.094197 seconds .

========================================================================
Received Import Request.
  Time since last request: 0.000175 seconds.
  path: Assets/Materials/ScoreUI_BackGround.png
  artifactKey: Guid(8033275ba7ebc2040aae11e45e3b26f7) Importer(815301076,1909f56bfc062723c751e8b465ee728b)
Start importing Assets/Materials/ScoreUI_BackGround.png using Guid(8033275ba7ebc2040aae11e45e3b26f7) Importer(815301076,1909f56bfc062723c751e8b465ee728b)  -> (artifact id: '9b999acef67f34a76d88d392b4fe31d7') in 0.043261 seconds 
  Import took 0.045477 seconds .

========================================================================
Received Import Request.
  Time since last request: 0.000295 seconds.
  path: Assets/Materials/ScoreUI_BackGround2.png
  artifactKey: Guid(8a843bbdaff059246ac51e8deb20d716) Importer(815301076,1909f56bfc062723c751e8b465ee728b)
Start importing Assets/Materials/ScoreUI_BackGround2.png using Guid(8a843bbdaff059246ac51e8deb20d716) Importer(815301076,1909f56bfc062723c751e8b465ee728b)  -> (artifact id: 'bc691c129d77e1e2b5455108efcff6f3') in 0.010423 seconds 
  Import took 0.012807 seconds .

========================================================================
Received Import Request.
  Time since last request: 0.000158 seconds.
  path: Assets/Materials/ScoreUI_ForeGround.png
  artifactKey: Guid(da80ab46ccfcd694e807b7724f94d826) Importer(815301076,1909f56bfc062723c751e8b465ee728b)
Start importing Assets/Materials/ScoreUI_ForeGround.png using Guid(da80ab46ccfcd694e807b7724f94d826) Importer(815301076,1909f56bfc062723c751e8b465ee728b)  -> (artifact id: '4872c643e087d8090efdd116d2c5da5b') in 0.010910 seconds 
  Import took 0.013584 seconds .

========================================================================
Received Import Request.
  Time since last request: 1.046856 seconds.
  path: Assets/Materials/Colors/Blue.mat
  artifactKey: Guid(31bb722b0e3ebb04099ceeaf03baa932) Importer(815301076,1909f56bfc062723c751e8b465ee728b)
Start importing Assets/Materials/Colors/Blue.mat using Guid(31bb722b0e3ebb04099ceeaf03baa932) Importer(815301076,1909f56bfc062723c751e8b465ee728b)  -> (artifact id: '5550dfb808145110d32fb0e212f3e6a7') in 0.021650 seconds 
  Import took 0.024791 seconds .

AssetImportWorkerClient::OnTransportError - code=2 error=End of file
